2022-07-18 14:06:47,566  INFO [main] BaseClass:42 - *********** Starting TestCases Executions *************
2022-07-18 14:07:04,952  INFO [main] BaseClass:46 - *********** Launching chrome browser ***********
2022-07-18 14:07:10,132  INFO [main] BaseClass:67 - *********** Entering application URL ***********
2022-07-18 14:07:12,847  INFO [main] BaseClass:28 - *********** Starting TestCase **************
2022-07-18 14:07:12,848  INFO [main] BaseClass:29 - *********** FacebookTitleTest **************
2022-07-18 14:07:19,581  INFO [main] BaseClass:31 - login page title is ---->
2022-07-18 14:07:20,376  INFO [main] BaseClass:47 - *********** Browser is closed ***************
2022-07-18 14:07:20,413  INFO [main] BaseClass:42 - *********** Starting TestCases Executions *************
2022-07-18 14:07:22,489  INFO [main] BaseClass:46 - *********** Launching chrome browser ***********
2022-07-18 14:07:29,278  INFO [main] BaseClass:67 - *********** Entering application URL ***********
2022-07-18 14:07:31,743  INFO [main] BaseClass:37 - *********** Starting TestCase ***************
2022-07-18 14:07:31,744  INFO [main] BaseClass:38 - *********** FacebookTitleTest ***************
2022-07-18 14:07:48,009  INFO [main] BaseClass:47 - *********** Browser is closed ***************
2022-07-18 14:07:48,012  INFO [main] BaseClass:42 - *********** Starting TestCases Executions *************
2022-07-18 14:07:50,049  INFO [main] BaseClass:46 - *********** Launching chrome browser ***********
2022-07-18 14:07:56,646  INFO [main] BaseClass:67 - *********** Entering application URL ***********
2022-07-18 14:07:58,667  INFO [main] BaseClass:33 - *********** Starting TestCase **************
2022-07-18 14:07:58,668  INFO [main] BaseClass:34 - *********** FacebookTitleTest **************
2022-07-18 14:07:58,682  INFO [main] BaseClass:36 - login page title is ---->Facebook – log in or sign up
2022-07-18 14:07:58,682  INFO [main] BaseClass:38 - *********** Ending TestCase ****************
2022-07-18 14:08:02,873  INFO [main] BaseClass:52 - *********** Browser is closed ***************
2022-07-18 14:08:02,875  INFO [main] BaseClass:42 - *********** Starting TestCases Executions *************
2022-07-18 14:08:04,839  INFO [main] BaseClass:46 - *********** Launching chrome browser ***********
2022-07-18 14:08:12,149  INFO [main] BaseClass:67 - *********** Entering application URL ***********
2022-07-18 14:08:14,169  INFO [main] BaseClass:42 - *********** Starting TestCase ***************
2022-07-18 14:08:14,169  INFO [main] BaseClass:43 - *********** FacebookTitleTest ***************
2022-07-18 14:08:19,630  INFO [main] BaseClass:47 - *********** Ending TestCase *****************
2022-07-18 14:08:21,938  INFO [main] BaseClass:52 - *********** Browser is closed ***************
2022-07-18 14:08:21,942  INFO [main] BaseClass:42 - *********** Starting TestCases Executions *************
2022-07-18 14:08:25,497  INFO [main] BaseClass:46 - *********** Launching chrome browser ***********
2022-07-18 14:08:33,693  INFO [main] BaseClass:67 - *********** Entering application URL ***********
2022-07-18 14:08:35,710  INFO [main] BaseClass:28 - *********** Starting TestCase **************
2022-07-18 14:08:35,711  INFO [main] BaseClass:29 - *********** FacebookTitleTest **************
2022-07-18 14:08:35,721  INFO [main] BaseClass:31 - signup page title is ---->Facebook – log in or sign up
2022-07-18 14:08:35,721  INFO [main] BaseClass:33 - *********** Ending TestCase ****************
2022-07-18 14:08:36,331  INFO [main] BaseClass:47 - *********** Browser is closed ***************
2022-07-18 14:08:36,334  INFO [main] BaseClass:42 - *********** Starting TestCases Executions *************
2022-07-18 14:08:38,034  INFO [main] BaseClass:46 - *********** Launching chrome browser ***********
2022-07-18 14:08:43,308  INFO [main] BaseClass:67 - *********** Entering application URL ***********
2022-07-18 14:08:45,322  INFO [main] BaseClass:37 - *********** Starting TestCase ***************
2022-07-18 14:08:45,323  INFO [main] BaseClass:38 - *********** FacebookTitleTest ***************
2022-07-18 14:08:52,558  INFO [main] BaseClass:47 - *********** Browser is closed ***************
2022-07-18 14:08:53,097 DEBUG [main] cache:45 - Couldn't find template in cache for "Extent.ftl"("en_US", UTF-8, parsed); will try to load it.
2022-07-18 14:08:53,102 DEBUG [main] cache:45 - TemplateLoader.findTemplateSource("Extent_en_US.ftl"): Not found
2022-07-18 14:08:53,107 DEBUG [main] cache:45 - TemplateLoader.findTemplateSource("Extent_en.ftl"): Not found
2022-07-18 14:08:53,109 DEBUG [main] cache:45 - TemplateLoader.findTemplateSource("Extent.ftl"): Found
2022-07-18 14:08:53,110 DEBUG [main] cache:45 - Loading template for "Extent.ftl"("en_US", UTF-8, parsed) from "jar:file:/C:/Users/Deepak%20Rana/.m2/repository/com/relevantcodes/extentreports/2.41.2/extentreports-2.41.2.jar!/com/relevantcodes/extentreports/view/Extent.ftl"
2022-07-18 14:08:53,559 DEBUG [main] cache:45 - Couldn't find template in cache for "Extent.ftl"("en_US", UTF-8, parsed); will try to load it.
2022-07-18 14:08:53,560 DEBUG [main] cache:45 - TemplateLoader.findTemplateSource("Extent_en_US.ftl"): Not found
2022-07-18 14:08:53,561 DEBUG [main] cache:45 - TemplateLoader.findTemplateSource("Extent_en.ftl"): Not found
2022-07-18 14:08:53,562 DEBUG [main] cache:45 - TemplateLoader.findTemplateSource("Extent.ftl"): Found
2022-07-18 14:08:53,563 DEBUG [main] cache:45 - Loading template for "Extent.ftl"("en_US", UTF-8, parsed) from "jar:file:/C:/Users/Deepak%20Rana/.m2/repository/com/relevantcodes/extentreports/2.41.2/extentreports-2.41.2.jar!/com/relevantcodes/extentreports/view/Extent.ftl"
